0 info it worked if it ends with ok
1 verbose cli [ 'C:\\Program Files\\nodejs\\node.exe',
1 verbose cli   'C:\\Program Files\\nodejs\\node_modules\\npm\\bin\\npm-cli.js',
1 verbose cli   'run',
1 verbose cli   'ava',
1 verbose cli   'tests\\spotify.js' ]
2 info using npm@3.8.6
3 info using node@v6.0.0
4 verbose run-script [ 'preava', 'ava', 'postava' ]
5 info lifecycle spotivy@0.4.3~preava: spotivy@0.4.3
6 silly lifecycle spotivy@0.4.3~preava: no script for preava, continuing
7 info lifecycle spotivy@0.4.3~ava: spotivy@0.4.3
8 verbose lifecycle spotivy@0.4.3~ava: unsafe-perm in lifecycle true
9 verbose lifecycle spotivy@0.4.3~ava: PATH: C:\Users\Guilherme\AppData\Roaming\nvm\v6.0.0\node_modules\npm\bin\node-gyp-bin;C:\Users\Guilherme\git\danguilherme\spotivy\node_modules\.bin;C:\Program Files\nodejs;C:\dev\cmder\bin;C:\dev\cmder\vendor\conemu-maximus5\ConEmu\Scripts;C:\dev\cmder\vendor\conemu-maximus5;C:\dev\cmder\vendor\conemu-maximus5\ConEmu;C:\Program Files\Docker\Docker\Resources\bin;c:\program files\graphicsmagick-1.3.26-q8;C:\WINDOWS\system32;C:\WINDOWS;C:\WINDOWS\System32\Wbem;C:\WINDOWS\System32\WindowsPowerShell\v1.0\;C:\dev\cmder;C:\dev\Python27;C:\Program Files (x86)\Microsoft SQL Server\Client SDK\ODBC\130\Tools\Binn\;C:\Program Files (x86)\Microsoft SQL Server\140\Tools\Binn\;C:\Program Files (x86)\Microsoft SQL Server\140\DTS\Binn\;C:\Program Files (x86)\Microsoft SQL Server\140\Tools\Binn\ManagementStudio\;C:\Users\Usuário\AppData\Roaming\nvm;C:\Program Files\nodejs;C:\Program Files (x86)\Windows Kits\8.1\Windows Performance Toolkit\;C:\Program Files\Microsoft\Web Platform Installer\;C:\Program Files\dotnet\;C:\Program Files (x86)\Windows Kits\10\Windows Performance Toolkit\;C:\Program Files\Microsoft SQL Server\120\Tools\Binn\;C:\Program Files\Microsoft SQL Server\130\Tools\Binn\;C:\Program Files\Git\cmd;C:\WINDOWS\system32;C:\WINDOWS;C:\WINDOWS\System32\Wbem;C:\WINDOWS\System32\WindowsPowerShell\v1.0\;C:\Users\Guilherme\AppData\Local\Microsoft\WindowsApps;C:\Program Files (x86)\Microsoft VS Code\bin;C:\Users\Usuário\AppData\Roaming\nvm;C:\Program Files\nodejs;;C:\Users\Guilherme\AppData\Local\Programs\Fiddler;C:\Program Files\Git\usr\bin;C:\Program Files\Git\usr\share\vim\vim74;C:\dev\cmder\
10 verbose lifecycle spotivy@0.4.3~ava: CWD: C:\Users\Guilherme\git\danguilherme\spotivy
11 silly lifecycle spotivy@0.4.3~ava: Args: [ '/d /s /c', 'ava --verbose "tests\\spotify.js"' ]
12 silly lifecycle spotivy@0.4.3~ava: Returned: code: 1  signal: null
13 info lifecycle spotivy@0.4.3~ava: Failed to exec ava script
14 verbose stack Error: spotivy@0.4.3 ava: `ava --verbose "tests\spotify.js"`
14 verbose stack Exit status 1
14 verbose stack     at EventEmitter.<anonymous> (C:\Users\Guilherme\AppData\Roaming\nvm\v6.0.0\node_modules\npm\lib\utils\lifecycle.js:239:16)
14 verbose stack     at emitTwo (events.js:106:13)
14 verbose stack     at EventEmitter.emit (events.js:191:7)
14 verbose stack     at ChildProcess.<anonymous> (C:\Users\Guilherme\AppData\Roaming\nvm\v6.0.0\node_modules\npm\lib\utils\spawn.js:24:14)
14 verbose stack     at emitTwo (events.js:106:13)
14 verbose stack     at ChildProcess.emit (events.js:191:7)
14 verbose stack     at maybeClose (internal/child_process.js:850:16)
14 verbose stack     at Process.ChildProcess._handle.onexit (internal/child_process.js:215:5)
15 verbose pkgid spotivy@0.4.3
16 verbose cwd C:\Users\Guilherme\git\danguilherme\spotivy
17 error Windows_NT 10.0.16299
18 error argv "C:\\Program Files\\nodejs\\node.exe" "C:\\Program Files\\nodejs\\node_modules\\npm\\bin\\npm-cli.js" "run" "ava" "tests\\spotify.js"
19 error node v6.0.0
20 error npm  v3.8.6
21 error code ELIFECYCLE
22 error spotivy@0.4.3 ava: `ava --verbose "tests\spotify.js"`
22 error Exit status 1
23 error Failed at the spotivy@0.4.3 ava script 'ava --verbose "tests\spotify.js"'.
23 error Make sure you have the latest version of node.js and npm installed.
23 error If you do, this is most likely a problem with the spotivy package,
23 error not with npm itself.
23 error Tell the author that this fails on your system:
23 error     ava --verbose "tests\spotify.js"
23 error You can get information on how to open an issue for this project with:
23 error     npm bugs spotivy
23 error Or if that isn't available, you can get their info via:
23 error     npm owner ls spotivy
23 error There is likely additional logging output above.
24 verbose exit [ 1, true ]
